# JRE version: Java(TM) SE Runtime Environment (8.0_131-b11) (build 1.8.0_131-b11)
# Java VM: Java HotSpot(TM) 64-Bit Server VM (25.131-b11 mixed mode windows-amd64 compressed oops)
Heap:
 PSYoungGen      total 499200K, used 237105K [0x000000076c580000, 0x00000007a5880000, 0x00000007c0000000)
  eden space 483328K, 49% used [0x000000076c580000,0x000000077ad0c5c0,0x0000000789d80000)
  from space 15872K, 0% used [0x0000000789d80000,0x0000000789d80000,0x000000078ad00000)
  to   space 22016K, 0% used [0x00000007a4300000,0x00000007a4300000,0x00000007a5880000)
 ParOldGen       total 77312K, used 30194K [0x00000006c5000000, 0x00000006c9b80000, 0x000000076c580000)
  object space 77312K, 39% used [0x00000006c5000000,0x00000006c6d7c9b8,0x00000006c9b80000)
 Metaspace       used 39524K, capacity 39992K, committed 40280K, reserved 1085440K
  class space    used 4258K, capacity 4376K, committed 4480K, reserved 1048576K
GC Heap History (10 events):
Event: 8.223 GC heap before
{Heap before GC invocations=5 (full 1):
 PSYoungGen      total 268800K, used 6972K [0x000000076c580000, 0x000000077d680000, 0x00000007c0000000)
  eden space 258048K, 0% used [0x000000076c580000,0x000000076c580000,0x000000077c180000)
  from space 10752K, 64% used [0x000000077cc00000,0x000000077d2cf310,0x000000077d680000)
  to   space 10752K, 0% used [0x000000077c180000,0x000000077c180000,0x000000077cc00000)
 ParOldGen       total 172032K, used 120K [0x00000006c5000000, 0x00000006cf800000, 0x000000076c580000)
  object space 172032K, 0% used [0x00000006c5000000,0x00000006c501e010,0x00000006cf800000)
 Metaspace       used 20787K, capacity 21010K, committed 21248K, reserved 1069056K
  class space    used 2363K, capacity 2473K, committed 2560K, reserved 1048576K
Event: 8.276 GC heap after
Heap after GC invocations=5 (full 1):
 PSYoungGen      total 268800K, used 0K [0x000000076c580000, 0x000000077d680000, 0x00000007c0000000)
  eden space 258048K, 0% used [0x000000076c580000,0x000000076c580000,0x000000077c180000)
  from space 10752K, 0% used [0x000000077cc00000,0x000000077cc00000,0x000000077d680000)
  to   space 10752K, 0% used [0x000000077c180000,0x000000077c180000,0x000000077cc00000)
 ParOldGen       total 77312K, used 6935K [0x00000006c5000000, 0x00000006c9b80000, 0x000000076c580000)
  object space 77312K, 8% used [0x00000006c5000000,0x00000006c56c5ca0,0x00000006c9b80000)
 Metaspace       used 20787K, capacity 21010K, committed 21248K, reserved 1069056K
  class space    used 2363K, capacity 2473K, committed 2560K, reserved 1048576K
}
Event: 12.062 GC heap before
{Heap before GC invocations=6 (full 1):
 PSYoungGen      total 268800K, used 258048K [0x000000076c580000, 0x000000077d680000, 0x00000007c0000000)
  eden space 258048K, 100% used [0x000000076c580000,0x000000077c180000,0x000000077c180000)
  from space 10752K, 0% used [0x000000077cc00000,0x000000077cc00000,0x000000077d680000)
  to   space 10752K, 0% used [0x000000077c180000,0x000000077c180000,0x000000077cc00000)
 ParOldGen       total 77312K, used 6935K [0x00000006c5000000, 0x00000006c9b80000, 0x000000076c580000)
  object space 77312K, 8% used [0x00000006c5000000,0x00000006c56c5ca0,0x00000006c9b80000)
 Metaspace       used 26980K, capacity 27310K, committed 27776K, reserved 1073152K
  class space    used 3044K, capacity 3155K, committed 3200K, reserved 1048576K
Event: 12.099 GC heap after
Heap after GC invocations=6 (full 1):
 PSYoungGen      total 268800K, used 10725K [0x000000076c580000, 0x000000078bc00000, 0x00000007c0000000)
  eden space 258048K, 0% used [0x000000076c580000,0x000000076c580000,0x000000077c180000)
  from space 10752K, 99% used [0x000000077c180000,0x000000077cbf9740,0x000000077cc00000)
  to   space 12800K, 0% used [0x000000078af80000,0x000000078af80000,0x000000078bc00000)
 ParOldGen       total 77312K, used 7082K [0x00000006c5000000, 0x00000006c9b80000, 0x000000076c580000)
  object space 77312K, 9% used [0x00000006c5000000,0x00000006c56ea900,0x00000006c9b80000)
 Metaspace       used 26980K, capacity 27310K, committed 27776K, reserved 1073152K
  class space    used 3044K, capacity 3155K, committed 3200K, reserved 1048576K
}
Event: 17.017 GC heap before
{Heap before GC invocations=7 (full 1):
 PSYoungGen      total 268800K, used 268773K [0x000000076c580000, 0x000000078bc00000, 0x00000007c0000000)
  eden space 258048K, 100% used [0x000000076c580000,0x000000077c180000,0x000000077c180000)
  from space 10752K, 99% used [0x000000077c180000,0x000000077cbf9740,0x000000077cc00000)
  to   space 12800K, 0% used [0x000000078af80000,0x000000078af80000,0x000000078bc00000)
 ParOldGen       total 77312K, used 7082K [0x00000006c5000000, 0x00000006c9b80000, 0x000000076c580000)
  object space 77312K, 9% used [0x00000006c5000000,0x00000006c56ea900,0x00000006c9b80000)
 Metaspace       used 27976K, capacity 28270K, committed 28672K, reserved 1075200K
  class space    used 3122K, capacity 3219K, committed 3328K, reserved 1048576K
Event: 17.087 GC heap after
Heap after GC invocations=7 (full 1):
 PSYoungGen      total 496128K, used 12784K [0x000000076c580000, 0x000000078bc80000, 0x00000007c0000000)
  eden space 483328K, 0% used [0x000000076c580000,0x000000076c580000,0x0000000789d80000)
  from space 12800K, 99% used [0x000000078af80000,0x000000078bbfc010,0x000000078bc00000)
  to   space 15872K, 0% used [0x0000000789d80000,0x0000000789d80000,0x000000078ad00000)
 ParOldGen       total 77312K, used 9769K [0x00000006c5000000, 0x00000006c9b80000, 0x000000076c580000)
  object space 77312K, 12% used [0x00000006c5000000,0x00000006c598a7b0,0x00000006c9b80000)
 Metaspace       used 27976K, capacity 28270K, committed 28672K, reserved 1075200K
  class space    used 3122K, capacity 3219K, committed 3328K, reserved 1048576K
}
Event: 23.153 GC heap before
{Heap before GC invocations=8 (full 1):
 PSYoungGen      total 496128K, used 349059K [0x000000076c580000, 0x000000078bc80000, 0x00000007c0000000)
  eden space 483328K, 69% used [0x000000076c580000,0x0000000780de4ec0,0x0000000789d80000)
  from space 12800K, 99% used [0x000000078af80000,0x000000078bbfc010,0x000000078bc00000)
  to   space 15872K, 0% used [0x0000000789d80000,0x0000000789d80000,0x000000078ad00000)
 ParOldGen       total 77312K, used 9769K [0x00000006c5000000, 0x00000006c9b80000, 0x000000076c580000)
  object space 77312K, 12% used [0x00000006c5000000,0x00000006c598a7b0,0x00000006c9b80000)
 Metaspace       used 34805K, capacity 35186K, committed 35416K, reserved 1081344K
  class space    used 3850K, capacity 3943K, committed 3968K, reserved 1048576K
Event: 23.220 GC heap after
Heap after GC invocations=8 (full 1):
 PSYoungGen      total 499200K, used 15840K [0x000000076c580000, 0x00000007a5880000, 0x00000007c0000000)
  eden space 483328K, 0% used [0x000000076c580000,0x000000076c580000,0x0000000789d80000)
  from space 15872K, 99% used [0x0000000789d80000,0x000000078acf8020,0x000000078ad00000)
  to   space 22016K, 0% used [0x00000007a4300000,0x00000007a4300000,0x00000007a5880000)
 ParOldGen       total 77312K, used 16747K [0x00000006c5000000, 0x00000006c9b80000, 0x000000076c580000)
  object space 77312K, 21% used [0x00000006c5000000,0x00000006c605aca0,0x00000006c9b80000)
 Metaspace       used 34805K, capacity 35186K, committed 35416K, reserved 1081344K
  class space    used 3850K, capacity 3943K, committed 3968K, reserved 1048576K
}
Event: 23.220 GC heap before
{Heap before GC invocations=9 (full 2):
 PSYoungGen      total 499200K, used 15840K [0x000000076c580000, 0x00000007a5880000, 0x00000007c0000000)
  eden space 483328K, 0% used [0x000000076c580000,0x000000076c580000,0x0000000789d80000)
  from space 15872K, 99% used [0x0000000789d80000,0x000000078acf8020,0x000000078ad00000)
  to   space 22016K, 0% used [0x00000007a4300000,0x00000007a4300000,0x00000007a5880000)
 ParOldGen       total 77312K, used 16747K [0x00000006c5000000, 0x00000006c9b80000, 0x000000076c580000)
  object space 77312K, 21% used [0x00000006c5000000,0x00000006c605aca0,0x00000006c9b80000)
 Metaspace       used 34805K, capacity 35186K, committed 35416K, reserved 1081344K
  class space    used 3850K, capacity 3943K, committed 3968K, reserved 1048576K
Event: 23.461 GC heap after
Heap after GC invocations=9 (full 2):
 PSYoungGen      total 499200K, used 0K [0x000000076c580000, 0x00000007a5880000, 0x00000007c0000000)
  eden space 483328K, 0% used [0x000000076c580000,0x000000076c580000,0x0000000789d80000)
  from space 15872K, 0% used [0x0000000789d80000,0x0000000789d80000,0x000000078ad00000)
  to   space 22016K, 0% used [0x00000007a4300000,0x00000007a4300000,0x00000007a5880000)
 ParOldGen       total 77312K, used 30194K [0x00000006c5000000, 0x00000006c9b80000, 0x000000076c580000)
  object space 77312K, 39% used [0x00000006c5000000,0x00000006c6d7c9b8,0x00000006c9b80000)
 Metaspace       used 34805K, capacity 35186K, committed 35416K, reserved 1081344K
  class space    used 3850K, capacity 3943K, committed 3968K, reserved 1048576K
}

