# JRE version: Java(TM) SE Runtime Environment (8.0_131-b11) (build 1.8.0_131-b11)
# Java VM: Java HotSpot(TM) 64-Bit Server VM (25.131-b11 mixed mode windows-amd64 compressed oops)
Heap:
 PSYoungGen      total 1247744K, used 748640K [0x000000076c580000, 0x00000007c0000000, 0x00000007c0000000)
  eden space 1138176K, 56% used [0x000000076c580000,0x00000007935c0fa8,0x00000007b1d00000)
  from space 109568K, 99% used [0x00000007b1d00000,0x00000007b87d7370,0x00000007b8800000)
  to   space 117248K, 0% used [0x00000007b8d80000,0x00000007b8d80000,0x00000007c0000000)
 ParOldGen       total 466944K, used 343819K [0x00000006c5000000, 0x00000006e1800000, 0x000000076c580000)
  object space 466944K, 73% used [0x00000006c5000000,0x00000006d9fc2d60,0x00000006e1800000)
 Metaspace       used 41695K, capacity 42322K, committed 42584K, reserved 1087488K
  class space    used 4296K, capacity 4433K, committed 4480K, reserved 1048576K
GC Heap History (10 events):
Event: 43855.268 GC heap before
{Heap before GC invocations=1144 (full 5):
 PSYoungGen      total 1268224K, used 1266795K [0x000000076c580000, 0x00000007c0000000, 0x00000007c0000000)
  eden space 1166848K, 100% used [0x000000076c580000,0x00000007b3900000,0x00000007b3900000)
  from space 101376K, 98% used [0x00000007b9d00000,0x00000007bfe9acc0,0x00000007c0000000)
  to   space 101888K, 0% used [0x00000007b3900000,0x00000007b3900000,0x00000007b9c80000)
 ParOldGen       total 466944K, used 311344K [0x00000006c5000000, 0x00000006e1800000, 0x000000076c580000)
  object space 466944K, 66% used [0x00000006c5000000,0x00000006d800c3c0,0x00000006e1800000)
 Metaspace       used 41695K, capacity 42322K, committed 42584K, reserved 1087488K
  class space    used 4296K, capacity 4433K, committed 4480K, reserved 1048576K
Event: 43855.492 GC heap after
Heap after GC invocations=1144 (full 5):
 PSYoungGen      total 1268736K, used 101886K [0x000000076c580000, 0x00000007c0000000, 0x00000007c0000000)
  eden space 1166848K, 0% used [0x000000076c580000,0x000000076c580000,0x00000007b3900000)
  from space 101888K, 99% used [0x00000007b3900000,0x00000007b9c7fa40,0x00000007b9c80000)
  to   space 101888K, 0% used [0x00000007b9c80000,0x00000007b9c80000,0x00000007c0000000)
 ParOldGen       total 466944K, used 338786K [0x00000006c5000000, 0x00000006e1800000, 0x000000076c580000)
  object space 466944K, 72% used [0x00000006c5000000,0x00000006d9ad89e0,0x00000006e1800000)
 Metaspace       used 41695K, capacity 42322K, committed 42584K, reserved 1087488K
  class space    used 4296K, capacity 4433K, committed 4480K, reserved 1048576K
}
Event: 43897.011 GC heap before
{Heap before GC invocations=1145 (full 5):
 PSYoungGen      total 1268736K, used 1268734K [0x000000076c580000, 0x00000007c0000000, 0x00000007c0000000)
  eden space 1166848K, 100% used [0x000000076c580000,0x00000007b3900000,0x00000007b3900000)
  from space 101888K, 99% used [0x00000007b3900000,0x00000007b9c7fa40,0x00000007b9c80000)
  to   space 101888K, 0% used [0x00000007b9c80000,0x00000007b9c80000,0x00000007c0000000)
 ParOldGen       total 466944K, used 338786K [0x00000006c5000000, 0x00000006e1800000, 0x000000076c580000)
  object space 466944K, 72% used [0x00000006c5000000,0x00000006d9ad89e0,0x00000006e1800000)
 Metaspace       used 41695K, capacity 42322K, committed 42584K, reserved 1087488K
  class space    used 4296K, capacity 4433K, committed 4480K, reserved 1048576K
Event: 43897.167 GC heap after
Heap after GC invocations=1145 (full 5):
 PSYoungGen      total 1245184K, used 101881K [0x000000076c580000, 0x00000007c0000000, 0x00000007c0000000)
  eden space 1143296K, 0% used [0x000000076c580000,0x000000076c580000,0x00000007b2200000)
  from space 101888K, 99% used [0x00000007b9c80000,0x00000007bfffe710,0x00000007c0000000)
  to   space 113664K, 0% used [0x00000007b2200000,0x00000007b2200000,0x00000007b9100000)
 ParOldGen       total 466944K, used 343467K [0x00000006c5000000, 0x00000006e1800000, 0x000000076c580000)
  object space 466944K, 73% used [0x00000006c5000000,0x00000006d9f6ad60,0x00000006e1800000)
 Metaspace       used 41695K, capacity 42322K, committed 42584K, reserved 1087488K
  class space    used 4296K, capacity 4433K, committed 4480K, reserved 1048576K
}
Event: 43943.371 GC heap before
{Heap before GC invocations=1146 (full 5):
 PSYoungGen      total 1245184K, used 1245177K [0x000000076c580000, 0x00000007c0000000, 0x00000007c0000000)
  eden space 1143296K, 100% used [0x000000076c580000,0x00000007b2200000,0x00000007b2200000)
  from space 101888K, 99% used [0x00000007b9c80000,0x00000007bfffe710,0x00000007c0000000)
  to   space 113664K, 0% used [0x00000007b2200000,0x00000007b2200000,0x00000007b9100000)
 ParOldGen       total 466944K, used 343467K [0x00000006c5000000, 0x00000006e1800000, 0x000000076c580000)
  object space 466944K, 73% used [0x00000006c5000000,0x00000006d9f6ad60,0x00000006e1800000)
 Metaspace       used 41695K, capacity 42322K, committed 42584K, reserved 1087488K
  class space    used 4296K, capacity 4433K, committed 4480K, reserved 1048576K
Event: 43943.520 GC heap after
Heap after GC invocations=1146 (full 5):
 PSYoungGen      total 1251840K, used 108313K [0x000000076c580000, 0x00000007c0000000, 0x00000007c0000000)
  eden space 1143296K, 0% used [0x000000076c580000,0x000000076c580000,0x00000007b2200000)
  from space 108544K, 99% used [0x00000007b2200000,0x00000007b8bc66d0,0x00000007b8c00000)
  to   space 114688K, 0% used [0x00000007b9000000,0x00000007b9000000,0x00000007c0000000)
 ParOldGen       total 466944K, used 343819K [0x00000006c5000000, 0x00000006e1800000, 0x000000076c580000)
  object space 466944K, 73% used [0x00000006c5000000,0x00000006d9fc2d60,0x00000006e1800000)
 Metaspace       used 41695K, capacity 42322K, committed 42584K, reserved 1087488K
  class space    used 4296K, capacity 4433K, committed 4480K, reserved 1048576K
}
Event: 43988.484 GC heap before
{Heap before GC invocations=1147 (full 5):
 PSYoungGen      total 1251840K, used 1251609K [0x000000076c580000, 0x00000007c0000000, 0x00000007c0000000)
  eden space 1143296K, 100% used [0x000000076c580000,0x00000007b2200000,0x00000007b2200000)
  from space 108544K, 99% used [0x00000007b2200000,0x00000007b8bc66d0,0x00000007b8c00000)
  to   space 114688K, 0% used [0x00000007b9000000,0x00000007b9000000,0x00000007c0000000)
 ParOldGen       total 466944K, used 343819K [0x00000006c5000000, 0x00000006e1800000, 0x000000076c580000)
  object space 466944K, 73% used [0x00000006c5000000,0x00000006d9fc2d60,0x00000006e1800000)
 Metaspace       used 41695K, capacity 42322K, committed 42584K, reserved 1087488K
  class space    used 4296K, capacity 4433K, committed 4480K, reserved 1048576K
Event: 43988.597 GC heap after
Heap after GC invocations=1147 (full 5):
 PSYoungGen      total 1252864K, used 109911K [0x000000076c580000, 0x00000007c0000000, 0x00000007c0000000)
  eden space 1138176K, 0% used [0x000000076c580000,0x000000076c580000,0x00000007b1d00000)
  from space 114688K, 95% used [0x00000007b9000000,0x00000007bfb55c90,0x00000007c0000000)
  to   space 116224K, 0% used [0x00000007b1d00000,0x00000007b1d00000,0x00000007b8e80000)
 ParOldGen       total 466944K, used 343819K [0x00000006c5000000, 0x00000006e1800000, 0x000000076c580000)
  object space 466944K, 73% used [0x00000006c5000000,0x00000006d9fc2d60,0x00000006e1800000)
 Metaspace       used 41695K, capacity 42322K, committed 42584K, reserved 1087488K
  class space    used 4296K, capacity 4433K, committed 4480K, reserved 1048576K
}
Event: 44029.699 GC heap before
{Heap before GC invocations=1148 (full 5):
 PSYoungGen      total 1252864K, used 1248087K [0x000000076c580000, 0x00000007c0000000, 0x00000007c0000000)
  eden space 1138176K, 100% used [0x000000076c580000,0x00000007b1d00000,0x00000007b1d00000)
  from space 114688K, 95% used [0x00000007b9000000,0x00000007bfb55c90,0x00000007c0000000)
  to   space 116224K, 0% used [0x00000007b1d00000,0x00000007b1d00000,0x00000007b8e80000)
 ParOldGen       total 466944K, used 343819K [0x00000006c5000000, 0x00000006e1800000, 0x000000076c580000)
  object space 466944K, 73% used [0x00000006c5000000,0x00000006d9fc2d60,0x00000006e1800000)
 Metaspace       used 41695K, capacity 42322K, committed 42584K, reserved 1087488K
  class space    used 4296K, capacity 4433K, committed 4480K, reserved 1048576K
Event: 44029.962 GC heap after
Heap after GC invocations=1148 (full 5):
 PSYoungGen      total 1247744K, used 109404K [0x000000076c580000, 0x00000007c0000000, 0x00000007c0000000)
  eden space 1138176K, 0% used [0x000000076c580000,0x000000076c580000,0x00000007b1d00000)
  from space 109568K, 99% used [0x00000007b1d00000,0x00000007b87d7370,0x00000007b8800000)
  to   space 117248K, 0% used [0x00000007b8d80000,0x00000007b8d80000,0x00000007c0000000)
 ParOldGen       total 466944K, used 343819K [0x00000006c5000000, 0x00000006e1800000, 0x000000076c580000)
  object space 466944K, 73% used [0x00000006c5000000,0x00000006d9fc2d60,0x00000006e1800000)
 Metaspace       used 41695K, capacity 42322K, committed 42584K, reserved 1087488K
  class space    used 4296K, capacity 4433K, committed 4480K, reserved 1048576K
}

