# JRE version: Java(TM) SE Runtime Environment (8.0_131-b11) (build 1.8.0_131-b11)
# Java VM: Java HotSpot(TM) 64-Bit Server VM (25.131-b11 mixed mode windows-amd64 compressed oops)
Heap:
 PSYoungGen      total 75264K, used 19819K [0x000000076c580000, 0x0000000775880000, 0x00000007c0000000)
  eden space 64512K, 24% used [0x000000076c580000,0x000000076d4bfc68,0x0000000770480000)
  from space 10752K, 39% used [0x0000000770480000,0x000000077089b080,0x0000000770f00000)
  to   space 10752K, 0% used [0x0000000774e00000,0x0000000774e00000,0x0000000775880000)
 ParOldGen       total 172032K, used 96K [0x00000006c5000000, 0x00000006cf800000, 0x000000076c580000)
  object space 172032K, 0% used [0x00000006c5000000,0x00000006c5018010,0x00000006cf800000)
 Metaspace       used 15399K, capacity 15550K, committed 15616K, reserved 1062912K
  class space    used 1749K, capacity 1789K, committed 1792K, reserved 1048576K
GC Heap History (6 events):
Event: 4.066 GC heap before
{Heap before GC invocations=1 (full 0):
 PSYoungGen      total 75264K, used 64512K [0x000000076c580000, 0x0000000771980000, 0x00000007c0000000)
  eden space 64512K, 100% used [0x000000076c580000,0x0000000770480000,0x0000000770480000)
  from space 10752K, 0% used [0x0000000770f00000,0x0000000770f00000,0x0000000771980000)
  to   space 10752K, 0% used [0x0000000770480000,0x0000000770480000,0x0000000770f00000)
 ParOldGen       total 172032K, used 0K [0x00000006c5000000, 0x00000006cf800000, 0x000000076c580000)
  object space 172032K, 0% used [0x00000006c5000000,0x00000006c5000000,0x00000006cf800000)
 Metaspace       used 12449K, capacity 12660K, committed 12800K, reserved 1060864K
  class space    used 1424K, capacity 1464K, committed 1536K, reserved 1048576K
Event: 4.110 GC heap after
Heap after GC invocations=1 (full 0):
 PSYoungGen      total 75264K, used 7613K [0x000000076c580000, 0x0000000771980000, 0x00000007c0000000)
  eden space 64512K, 0% used [0x000000076c580000,0x000000076c580000,0x0000000770480000)
  from space 10752K, 70% used [0x0000000770480000,0x0000000770bef468,0x0000000770f00000)
  to   space 10752K, 0% used [0x0000000770f00000,0x0000000770f00000,0x0000000771980000)
 ParOldGen       total 172032K, used 80K [0x00000006c5000000, 0x00000006cf800000, 0x000000076c580000)
  object space 172032K, 0% used [0x00000006c5000000,0x00000006c5014010,0x00000006cf800000)
 Metaspace       used 12449K, capacity 12660K, committed 12800K, reserved 1060864K
  class space    used 1424K, capacity 1464K, committed 1536K, reserved 1048576K
}
Event: 5.459 GC heap before
{Heap before GC invocations=2 (full 0):
 PSYoungGen      total 75264K, used 72125K [0x000000076c580000, 0x0000000771980000, 0x00000007c0000000)
  eden space 64512K, 100% used [0x000000076c580000,0x0000000770480000,0x0000000770480000)
  from space 10752K, 70% used [0x0000000770480000,0x0000000770bef468,0x0000000770f00000)
  to   space 10752K, 0% used [0x0000000770f00000,0x0000000770f00000,0x0000000771980000)
 ParOldGen       total 172032K, used 80K [0x00000006c5000000, 0x00000006cf800000, 0x000000076c580000)
  object space 172032K, 0% used [0x00000006c5000000,0x00000006c5014010,0x00000006cf800000)
 Metaspace       used 13251K, capacity 13460K, committed 13696K, reserved 1060864K
  class space    used 1508K, capacity 1560K, committed 1664K, reserved 1048576K
Event: 5.467 GC heap after
Heap after GC invocations=2 (full 0):
 PSYoungGen      total 75264K, used 4585K [0x000000076c580000, 0x0000000771980000, 0x00000007c0000000)
  eden space 64512K, 0% used [0x000000076c580000,0x000000076c580000,0x0000000770480000)
  from space 10752K, 42% used [0x0000000770f00000,0x000000077137a778,0x0000000771980000)
  to   space 10752K, 0% used [0x0000000770480000,0x0000000770480000,0x0000000770f00000)
 ParOldGen       total 172032K, used 88K [0x00000006c5000000, 0x00000006cf800000, 0x000000076c580000)
  object space 172032K, 0% used [0x00000006c5000000,0x00000006c5016010,0x00000006cf800000)
 Metaspace       used 13251K, capacity 13460K, committed 13696K, reserved 1060864K
  class space    used 1508K, capacity 1560K, committed 1664K, reserved 1048576K
}
Event: 5.946 GC heap before
{Heap before GC invocations=3 (full 0):
 PSYoungGen      total 75264K, used 69097K [0x000000076c580000, 0x0000000771980000, 0x00000007c0000000)
  eden space 64512K, 100% used [0x000000076c580000,0x0000000770480000,0x0000000770480000)
  from space 10752K, 42% used [0x0000000770f00000,0x000000077137a778,0x0000000771980000)
  to   space 10752K, 0% used [0x0000000770480000,0x0000000770480000,0x0000000770f00000)
 ParOldGen       total 172032K, used 88K [0x00000006c5000000, 0x00000006cf800000, 0x000000076c580000)
  object space 172032K, 0% used [0x00000006c5000000,0x00000006c5016010,0x00000006cf800000)
 Metaspace       used 13269K, capacity 13460K, committed 13696K, reserved 1060864K
  class space    used 1508K, capacity 1560K, committed 1664K, reserved 1048576K
Event: 5.955 GC heap after
Heap after GC invocations=3 (full 0):
 PSYoungGen      total 75264K, used 4204K [0x000000076c580000, 0x0000000775880000, 0x00000007c0000000)
  eden space 64512K, 0% used [0x000000076c580000,0x000000076c580000,0x0000000770480000)
  from space 10752K, 39% used [0x0000000770480000,0x000000077089b080,0x0000000770f00000)
  to   space 10752K, 0% used [0x0000000774e00000,0x0000000774e00000,0x0000000775880000)
 ParOldGen       total 172032K, used 96K [0x00000006c5000000, 0x00000006cf800000, 0x000000076c580000)
  object space 172032K, 0% used [0x00000006c5000000,0x00000006c5018010,0x00000006cf800000)
 Metaspace       used 13269K, capacity 13460K, committed 13696K, reserved 1060864K
  class space    used 1508K, capacity 1560K, committed 1664K, reserved 1048576K
}

