# JRE version: Java(TM) SE Runtime Environment (8.0_131-b11) (build 1.8.0_131-b11)
# Java VM: Java HotSpot(TM) 64-Bit Server VM (25.131-b11 mixed mode windows-amd64 compressed oops)
Heap:
 PSYoungGen      total 642048K, used 161531K [0x000000076c580000, 0x000000079c300000, 0x00000007c0000000)
  eden space 542208K, 29% used [0x000000076c580000,0x00000007762dcde0,0x000000078d700000)
  from space 99840K, 0% used [0x000000078d700000,0x000000078d761eb0,0x0000000793880000)
  to   space 98304K, 0% used [0x0000000796300000,0x0000000796300000,0x000000079c300000)
 ParOldGen       total 896000K, used 596923K [0x00000006c5000000, 0x00000006fbb00000, 0x000000076c580000)
  object space 896000K, 66% used [0x00000006c5000000,0x00000006e96eef08,0x00000006fbb00000)
 Metaspace       used 33863K, capacity 34288K, committed 34688K, reserved 1079296K
  class space    used 3721K, capacity 3842K, committed 3968K, reserved 1048576K
GC Heap History (10 events):
Event: 105.817 GC heap before
{Heap before GC invocations=13 (full 2):
 PSYoungGen      total 603648K, used 603633K [0x000000076c580000, 0x0000000799e00000, 0x00000007c0000000)
  eden space 542208K, 100% used [0x000000076c580000,0x000000078d700000,0x000000078d700000)
  from space 61440K, 99% used [0x0000000793880000,0x000000079747c538,0x0000000797480000)
  to   space 99840K, 0% used [0x000000078d700000,0x000000078d700000,0x0000000793880000)
 ParOldGen       total 270848K, used 193059K [0x00000006c5000000, 0x00000006d5880000, 0x000000076c580000)
  object space 270848K, 71% used [0x00000006c5000000,0x00000006d0c88ee0,0x00000006d5880000)
 Metaspace       used 33093K, capacity 33510K, committed 33792K, reserved 1079296K
  class space    used 3678K, capacity 3775K, committed 3840K, reserved 1048576K
Event: 106.011 GC heap after
Heap after GC invocations=13 (full 2):
 PSYoungGen      total 603648K, used 603633K [0x000000076c580000, 0x0000000799e00000, 0x00000007c0000000)
  eden space 542208K, 100% used [0x000000076c580000,0x000000078d700000,0x000000078d700000)
  from space 61440K, 99% used [0x0000000793880000,0x000000079747c538,0x0000000797480000)
  to   space 99840K, 99% used [0x000000078d700000,0x0000000793879318,0x0000000793880000)
 ParOldGen       total 316416K, used 316385K [0x00000006c5000000, 0x00000006d8500000, 0x000000076c580000)
  object space 316416K, 99% used [0x00000006c5000000,0x00000006d84f86f8,0x00000006d8500000)
 Metaspace       used 33093K, capacity 33510K, committed 33792K, reserved 1079296K
  class space    used 3678K, capacity 3775K, committed 3840K, reserved 1048576K
}
Event: 106.011 GC heap before
{Heap before GC invocations=14 (full 3):
 PSYoungGen      total 603648K, used 603633K [0x000000076c580000, 0x0000000799e00000, 0x00000007c0000000)
  eden space 542208K, 100% used [0x000000076c580000,0x000000078d700000,0x000000078d700000)
  from space 61440K, 99% used [0x0000000793880000,0x000000079747c538,0x0000000797480000)
  to   space 99840K, 99% used [0x000000078d700000,0x0000000793879318,0x0000000793880000)
 ParOldGen       total 316416K, used 316385K [0x00000006c5000000, 0x00000006d8500000, 0x000000076c580000)
  object space 316416K, 99% used [0x00000006c5000000,0x00000006d84f86f8,0x00000006d8500000)
 Metaspace       used 33093K, capacity 33510K, committed 33792K, reserved 1079296K
  class space    used 3678K, capacity 3775K, committed 3840K, reserved 1048576K
Event: 106.556 GC heap after
Heap after GC invocations=14 (full 3):
 PSYoungGen      total 603648K, used 61067K [0x000000076c580000, 0x0000000799e00000, 0x00000007c0000000)
  eden space 542208K, 0% used [0x000000076c580000,0x000000076c580000,0x000000078d700000)
  from space 61440K, 99% used [0x0000000793880000,0x0000000797422e28,0x0000000797480000)
  to   space 99840K, 46% used [0x000000078d700000,0x0000000790416430,0x0000000793880000)
 ParOldGen       total 517120K, used 316167K [0x00000006c5000000, 0x00000006e4900000, 0x000000076c580000)
  object space 517120K, 61% used [0x00000006c5000000,0x00000006d84c1e90,0x00000006e4900000)
 Metaspace       used 33093K, capacity 33510K, committed 33792K, reserved 1079296K
  class space    used 3678K, capacity 3775K, committed 3840K, reserved 1048576K
}
Event: 138.385 GC heap before
{Heap before GC invocations=15 (full 4):
 PSYoungGen      total 603648K, used 603275K [0x000000076c580000, 0x0000000799e00000, 0x00000007c0000000)
  eden space 542208K, 100% used [0x000000076c580000,0x000000078d700000,0x000000078d700000)
  from space 61440K, 99% used [0x0000000793880000,0x0000000797422e28,0x0000000797480000)
  to   space 99840K, 46% used [0x000000078d700000,0x0000000790416430,0x0000000793880000)
 ParOldGen       total 517120K, used 316167K [0x00000006c5000000, 0x00000006e4900000, 0x000000076c580000)
  object space 517120K, 61% used [0x00000006c5000000,0x00000006d84c1e90,0x00000006e4900000)
 Metaspace       used 33108K, capacity 33520K, committed 33792K, reserved 1079296K
  class space    used 3681K, capacity 3778K, committed 3840K, reserved 1048576K
Event: 138.937 GC heap after
Heap after GC invocations=15 (full 4):
 PSYoungGen      total 603648K, used 61089K [0x000000076c580000, 0x0000000799e00000, 0x00000007c0000000)
  eden space 542208K, 0% used [0x000000076c580000,0x000000076c580000,0x000000078d700000)
  from space 61440K, 99% used [0x0000000793880000,0x0000000797428488,0x0000000797480000)
  to   space 99840K, 17% used [0x000000078d700000,0x000000078e80f2f0,0x0000000793880000)
 ParOldGen       total 757760K, used 516845K [0x00000006c5000000, 0x00000006f3400000, 0x000000076c580000)
  object space 757760K, 68% used [0x00000006c5000000,0x00000006e48bb778,0x00000006f3400000)
 Metaspace       used 33108K, capacity 33520K, committed 33792K, reserved 1079296K
  class space    used 3681K, capacity 3778K, committed 3840K, reserved 1048576K
}
Event: 142.462 GC heap before
{Heap before GC invocations=16 (full 5):
 PSYoungGen      total 603648K, used 603297K [0x000000076c580000, 0x0000000799e00000, 0x00000007c0000000)
  eden space 542208K, 100% used [0x000000076c580000,0x000000078d700000,0x000000078d700000)
  from space 61440K, 99% used [0x0000000793880000,0x0000000797428488,0x0000000797480000)
  to   space 99840K, 17% used [0x000000078d700000,0x000000078e80f2f0,0x0000000793880000)
 ParOldGen       total 757760K, used 516845K [0x00000006c5000000, 0x00000006f3400000, 0x000000076c580000)
  object space 757760K, 68% used [0x00000006c5000000,0x00000006e48bb778,0x00000006f3400000)
 Metaspace       used 33857K, capacity 34288K, committed 34688K, reserved 1079296K
  class space    used 3721K, capacity 3842K, committed 3968K, reserved 1048576K
Event: 143.327 GC heap after
Heap after GC invocations=16 (full 5):
 PSYoungGen      total 603648K, used 0K [0x000000076c580000, 0x0000000799e00000, 0x00000007c0000000)
  eden space 542208K, 0% used [0x000000076c580000,0x000000076c580000,0x000000078d700000)
  from space 61440K, 0% used [0x0000000793880000,0x0000000793880000,0x0000000797480000)
  to   space 99840K, 0% used [0x000000078d700000,0x000000078d700000,0x0000000793880000)
 ParOldGen       total 896000K, used 596915K [0x00000006c5000000, 0x00000006fbb00000, 0x000000076c580000)
  object space 896000K, 66% used [0x00000006c5000000,0x00000006e96ecf08,0x00000006fbb00000)
 Metaspace       used 33857K, capacity 34288K, committed 34688K, reserved 1079296K
  class space    used 3721K, capacity 3842K, committed 3968K, reserved 1048576K
}
Event: 145.278 GC heap before
{Heap before GC invocations=17 (full 5):
 PSYoungGen      total 603648K, used 542208K [0x000000076c580000, 0x0000000799e00000, 0x00000007c0000000)
  eden space 542208K, 100% used [0x000000076c580000,0x000000078d700000,0x000000078d700000)
  from space 61440K, 0% used [0x0000000793880000,0x0000000793880000,0x0000000797480000)
  to   space 99840K, 0% used [0x000000078d700000,0x000000078d700000,0x0000000793880000)
 ParOldGen       total 896000K, used 596915K [0x00000006c5000000, 0x00000006fbb00000, 0x000000076c580000)
  object space 896000K, 66% used [0x00000006c5000000,0x00000006e96ecf08,0x00000006fbb00000)
 Metaspace       used 33863K, capacity 34288K, committed 34688K, reserved 1079296K
  class space    used 3721K, capacity 3842K, committed 3968K, reserved 1048576K
Event: 145.293 GC heap after
Heap after GC invocations=17 (full 5):
 PSYoungGen      total 642048K, used 391K [0x000000076c580000, 0x000000079c300000, 0x00000007c0000000)
  eden space 542208K, 0% used [0x000000076c580000,0x000000076c580000,0x000000078d700000)
  from space 99840K, 0% used [0x000000078d700000,0x000000078d761eb0,0x0000000793880000)
  to   space 98304K, 0% used [0x0000000796300000,0x0000000796300000,0x000000079c300000)
 ParOldGen       total 896000K, used 596923K [0x00000006c5000000, 0x00000006fbb00000, 0x000000076c580000)
  object space 896000K, 66% used [0x00000006c5000000,0x00000006e96eef08,0x00000006fbb00000)
 Metaspace       used 33863K, capacity 34288K, committed 34688K, reserved 1079296K
  class space    used 3721K, capacity 3842K, committed 3968K, reserved 1048576K
}

